Determining if the pthread_create exist failed with the following output:
Change Dir: /home/zyj/exo_robot/build/CMakeFiles/CMakeTmp

Run Build Command:"/usr/bin/make" "cmTC_c7950/fast"
/usr/bin/make -f CMakeFiles/cmTC_c7950.dir/build.make CMakeFiles/cmTC_c7950.dir/build
make[1]: Entering directory '/home/zyj/exo_robot/build/CMakeFiles/CMakeTmp'
Building C object CMakeFiles/cmTC_c7950.dir/CheckSymbolExists.c.o
/usr/bin/cc    -o CMakeFiles/cmTC_c7950.dir/CheckSymbolExists.c.o   -c /home/zyj/exo_robot/build/CMakeFiles/CMakeTmp/CheckSymbolExists.c
Linking C executable cmTC_c7950
/usr/local/bin/cmake -E cmake_link_script CMakeFiles/cmTC_c7950.dir/link.txt --verbose=1
/usr/bin/cc      -rdynamic CMakeFiles/cmTC_c7950.dir/CheckSymbolExists.c.o  -o cmTC_c7950 
CMakeFiles/cmTC_c7950.dir/CheckSymbolExists.c.o：在函数‘main’中：
CheckSymbolExists.c:(.text+0x16)：对‘pthread_create’未定义的引用
collect2: error: ld returned 1 exit status
CMakeFiles/cmTC_c7950.dir/build.make:86: recipe for target 'cmTC_c7950' failed
make[1]: *** [cmTC_c7950] Error 1
make[1]: Leaving directory '/home/zyj/exo_robot/build/CMakeFiles/CMakeTmp'
Makefile:121: recipe for target 'cmTC_c7950/fast' failed
make: *** [cmTC_c7950/fast] Error 2

File /home/zyj/exo_robot/build/CMakeFiles/CMakeTmp/CheckSymbolExists.c:
/* */
#include <pthread.h>

int main(int argc, char** argv)
{
  (void)argv;
#ifndef pthread_create
  return ((int*)(&pthread_create))[argc];
#else
  (void)argc;
  return 0;
#endif
}

Determining if the function pthread_create exists in the pthreads failed with the following output:
Change Dir: /home/zyj/exo_robot/build/CMakeFiles/CMakeTmp

Run Build Command:"/usr/bin/make" "cmTC_77467/fast"
/usr/bin/make -f CMakeFiles/cmTC_77467.dir/build.make CMakeFiles/cmTC_77467.dir/build
make[1]: Entering directory '/home/zyj/exo_robot/build/CMakeFiles/CMakeTmp'
Building C object CMakeFiles/cmTC_77467.dir/CheckFunctionExists.c.o
/usr/bin/cc   -DCHECK_FUNCTION_EXISTS=pthread_create   -o CMakeFiles/cmTC_77467.dir/CheckFunctionExists.c.o   -c /usr/local/share/cmake-3.13/Modules/CheckFunctionExists.c
Linking C executable cmTC_77467
/usr/local/bin/cmake -E cmake_link_script CMakeFiles/cmTC_77467.dir/link.txt --verbose=1
/usr/bin/cc  -DCHECK_FUNCTION_EXISTS=pthread_create    -rdynamic CMakeFiles/cmTC_77467.dir/CheckFunctionExists.c.o  -o cmTC_77467 -lpthreads 
/usr/bin/ld: 找不到 -lpthreads
collect2: error: ld returned 1 exit status
CMakeFiles/cmTC_77467.dir/build.make:86: recipe for target 'cmTC_77467' failed
make[1]: *** [cmTC_77467] Error 1
make[1]: Leaving directory '/home/zyj/exo_robot/build/CMakeFiles/CMakeTmp'
Makefile:121: recipe for target 'cmTC_77467/fast' failed
make: *** [cmTC_77467/fast] Error 2


Determining if the pthread_create exist failed with the following output:
Change Dir: /home/zyj/exo_robot/build/CMakeFiles/CMakeTmp

Run Build Command:"/usr/bin/make" "cmTC_db0d7/fast"
/usr/bin/make -f CMakeFiles/cmTC_db0d7.dir/build.make CMakeFiles/cmTC_db0d7.dir/build
make[1]: Entering directory '/home/zyj/exo_robot/build/CMakeFiles/CMakeTmp'
Building C object CMakeFiles/cmTC_db0d7.dir/CheckSymbolExists.c.o
/usr/bin/cc    -o CMakeFiles/cmTC_db0d7.dir/CheckSymbolExists.c.o   -c /home/zyj/exo_robot/build/CMakeFiles/CMakeTmp/CheckSymbolExists.c
Linking C executable cmTC_db0d7
/usr/local/bin/cmake -E cmake_link_script CMakeFiles/cmTC_db0d7.dir/link.txt --verbose=1
/usr/bin/cc      -rdynamic CMakeFiles/cmTC_db0d7.dir/CheckSymbolExists.c.o  -o cmTC_db0d7 
CMakeFiles/cmTC_db0d7.dir/CheckSymbolExists.c.o：在函数‘main’中：
CheckSymbolExists.c:(.text+0x16)：对‘pthread_create’未定义的引用
collect2: error: ld returned 1 exit status
CMakeFiles/cmTC_db0d7.dir/build.make:86: recipe for target 'cmTC_db0d7' failed
make[1]: *** [cmTC_db0d7] Error 1
make[1]: Leaving directory '/home/zyj/exo_robot/build/CMakeFiles/CMakeTmp'
Makefile:121: recipe for target 'cmTC_db0d7/fast' failed
make: *** [cmTC_db0d7/fast] Error 2

File /home/zyj/exo_robot/build/CMakeFiles/CMakeTmp/CheckSymbolExists.c:
/* */
#include <pthread.h>

int main(int argc, char** argv)
{
  (void)argv;
#ifndef pthread_create
  return ((int*)(&pthread_create))[argc];
#else
  (void)argc;
  return 0;
#endif
}

Determining if the function pthread_create exists in the pthreads failed with the following output:
Change Dir: /home/zyj/exo_robot/build/CMakeFiles/CMakeTmp

Run Build Command:"/usr/bin/make" "cmTC_bdcce/fast"
/usr/bin/make -f CMakeFiles/cmTC_bdcce.dir/build.make CMakeFiles/cmTC_bdcce.dir/build
make[1]: Entering directory '/home/zyj/exo_robot/build/CMakeFiles/CMakeTmp'
Building C object CMakeFiles/cmTC_bdcce.dir/CheckFunctionExists.c.o
/usr/bin/cc   -DCHECK_FUNCTION_EXISTS=pthread_create   -o CMakeFiles/cmTC_bdcce.dir/CheckFunctionExists.c.o   -c /usr/local/share/cmake-3.13/Modules/CheckFunctionExists.c
Linking C executable cmTC_bdcce
/usr/local/bin/cmake -E cmake_link_script CMakeFiles/cmTC_bdcce.dir/link.txt --verbose=1
/usr/bin/cc  -DCHECK_FUNCTION_EXISTS=pthread_create    -rdynamic CMakeFiles/cmTC_bdcce.dir/CheckFunctionExists.c.o  -o cmTC_bdcce -lpthreads 
/usr/bin/ld: 找不到 -lpthreads
collect2: error: ld returned 1 exit status
CMakeFiles/cmTC_bdcce.dir/build.make:86: recipe for target 'cmTC_bdcce' failed
make[1]: *** [cmTC_bdcce] Error 1
make[1]: Leaving directory '/home/zyj/exo_robot/build/CMakeFiles/CMakeTmp'
Makefile:121: recipe for target 'cmTC_bdcce/fast' failed
make: *** [cmTC_bdcce/fast] Error 2


Determining if the pthread_create exist failed with the following output:
Change Dir: /home/zyj/gazebo_plugin_tutorial/build/CMakeFiles/CMakeTmp

Run Build Command:"/usr/bin/make" "cmTC_49eaa/fast"
/usr/bin/make -f CMakeFiles/cmTC_49eaa.dir/build.make CMakeFiles/cmTC_49eaa.dir/build
make[1]: Entering directory '/home/zyj/gazebo_plugin_tutorial/build/CMakeFiles/CMakeTmp'
Building C object CMakeFiles/cmTC_49eaa.dir/CheckSymbolExists.c.o
/usr/bin/cc    -o CMakeFiles/cmTC_49eaa.dir/CheckSymbolExists.c.o   -c /home/zyj/gazebo_plugin_tutorial/build/CMakeFiles/CMakeTmp/CheckSymbolExists.c
Linking C executable cmTC_49eaa
/usr/local/bin/cmake -E cmake_link_script CMakeFiles/cmTC_49eaa.dir/link.txt --verbose=1
/usr/bin/cc      -rdynamic CMakeFiles/cmTC_49eaa.dir/CheckSymbolExists.c.o  -o cmTC_49eaa 
CMakeFiles/cmTC_49eaa.dir/CheckSymbolExists.c.o：在函数‘main’中：
CheckSymbolExists.c:(.text+0x16)：对‘pthread_create’未定义的引用
collect2: error: ld returned 1 exit status
CMakeFiles/cmTC_49eaa.dir/build.make:86: recipe for target 'cmTC_49eaa' failed
make[1]: *** [cmTC_49eaa] Error 1
make[1]: Leaving directory '/home/zyj/gazebo_plugin_tutorial/build/CMakeFiles/CMakeTmp'
Makefile:121: recipe for target 'cmTC_49eaa/fast' failed
make: *** [cmTC_49eaa/fast] Error 2

File /home/zyj/gazebo_plugin_tutorial/build/CMakeFiles/CMakeTmp/CheckSymbolExists.c:
/* */
#include <pthread.h>

int main(int argc, char** argv)
{
  (void)argv;
#ifndef pthread_create
  return ((int*)(&pthread_create))[argc];
#else
  (void)argc;
  return 0;
#endif
}

Determining if the function pthread_create exists in the pthreads failed with the following output:
Change Dir: /home/zyj/gazebo_plugin_tutorial/build/CMakeFiles/CMakeTmp

Run Build Command:"/usr/bin/make" "cmTC_4540d/fast"
/usr/bin/make -f CMakeFiles/cmTC_4540d.dir/build.make CMakeFiles/cmTC_4540d.dir/build
make[1]: Entering directory '/home/zyj/gazebo_plugin_tutorial/build/CMakeFiles/CMakeTmp'
Building C object CMakeFiles/cmTC_4540d.dir/CheckFunctionExists.c.o
/usr/bin/cc   -DCHECK_FUNCTION_EXISTS=pthread_create   -o CMakeFiles/cmTC_4540d.dir/CheckFunctionExists.c.o   -c /usr/local/share/cmake-3.13/Modules/CheckFunctionExists.c
Linking C executable cmTC_4540d
/usr/local/bin/cmake -E cmake_link_script CMakeFiles/cmTC_4540d.dir/link.txt --verbose=1
/usr/bin/cc  -DCHECK_FUNCTION_EXISTS=pthread_create    -rdynamic CMakeFiles/cmTC_4540d.dir/CheckFunctionExists.c.o  -o cmTC_4540d -lpthreads 
/usr/bin/ld: 找不到 -lpthreads
collect2: error: ld returned 1 exit status
CMakeFiles/cmTC_4540d.dir/build.make:86: recipe for target 'cmTC_4540d' failed
make[1]: *** [cmTC_4540d] Error 1
make[1]: Leaving directory '/home/zyj/gazebo_plugin_tutorial/build/CMakeFiles/CMakeTmp'
Makefile:121: recipe for target 'cmTC_4540d/fast' failed
make: *** [cmTC_4540d/fast] Error 2


Determining if the pthread_create exist failed with the following output:
Change Dir: /home/zyj/gazebo_plugin_tutorial/build/CMakeFiles/CMakeTmp

Run Build Command:"/usr/bin/make" "cmTC_25b7c/fast"
/usr/bin/make -f CMakeFiles/cmTC_25b7c.dir/build.make CMakeFiles/cmTC_25b7c.dir/build
make[1]: Entering directory '/home/zyj/gazebo_plugin_tutorial/build/CMakeFiles/CMakeTmp'
Building C object CMakeFiles/cmTC_25b7c.dir/CheckSymbolExists.c.o
/usr/bin/cc    -o CMakeFiles/cmTC_25b7c.dir/CheckSymbolExists.c.o   -c /home/zyj/gazebo_plugin_tutorial/build/CMakeFiles/CMakeTmp/CheckSymbolExists.c
Linking C executable cmTC_25b7c
/usr/local/bin/cmake -E cmake_link_script CMakeFiles/cmTC_25b7c.dir/link.txt --verbose=1
/usr/bin/cc      -rdynamic CMakeFiles/cmTC_25b7c.dir/CheckSymbolExists.c.o  -o cmTC_25b7c 
CMakeFiles/cmTC_25b7c.dir/CheckSymbolExists.c.o：在函数‘main’中：
CheckSymbolExists.c:(.text+0x16)：对‘pthread_create’未定义的引用
collect2: error: ld returned 1 exit status
CMakeFiles/cmTC_25b7c.dir/build.make:86: recipe for target 'cmTC_25b7c' failed
make[1]: *** [cmTC_25b7c] Error 1
make[1]: Leaving directory '/home/zyj/gazebo_plugin_tutorial/build/CMakeFiles/CMakeTmp'
Makefile:121: recipe for target 'cmTC_25b7c/fast' failed
make: *** [cmTC_25b7c/fast] Error 2

File /home/zyj/gazebo_plugin_tutorial/build/CMakeFiles/CMakeTmp/CheckSymbolExists.c:
/* */
#include <pthread.h>

int main(int argc, char** argv)
{
  (void)argv;
#ifndef pthread_create
  return ((int*)(&pthread_create))[argc];
#else
  (void)argc;
  return 0;
#endif
}

Determining if the function pthread_create exists in the pthreads failed with the following output:
Change Dir: /home/zyj/gazebo_plugin_tutorial/build/CMakeFiles/CMakeTmp

Run Build Command:"/usr/bin/make" "cmTC_45d1b/fast"
/usr/bin/make -f CMakeFiles/cmTC_45d1b.dir/build.make CMakeFiles/cmTC_45d1b.dir/build
make[1]: Entering directory '/home/zyj/gazebo_plugin_tutorial/build/CMakeFiles/CMakeTmp'
Building C object CMakeFiles/cmTC_45d1b.dir/CheckFunctionExists.c.o
/usr/bin/cc   -DCHECK_FUNCTION_EXISTS=pthread_create   -o CMakeFiles/cmTC_45d1b.dir/CheckFunctionExists.c.o   -c /usr/local/share/cmake-3.13/Modules/CheckFunctionExists.c
Linking C executable cmTC_45d1b
/usr/local/bin/cmake -E cmake_link_script CMakeFiles/cmTC_45d1b.dir/link.txt --verbose=1
/usr/bin/cc  -DCHECK_FUNCTION_EXISTS=pthread_create    -rdynamic CMakeFiles/cmTC_45d1b.dir/CheckFunctionExists.c.o  -o cmTC_45d1b -lpthreads 
/usr/bin/ld: 找不到 -lpthreads
collect2: error: ld returned 1 exit status
CMakeFiles/cmTC_45d1b.dir/build.make:86: recipe for target 'cmTC_45d1b' failed
make[1]: *** [cmTC_45d1b] Error 1
make[1]: Leaving directory '/home/zyj/gazebo_plugin_tutorial/build/CMakeFiles/CMakeTmp'
Makefile:121: recipe for target 'cmTC_45d1b/fast' failed
make: *** [cmTC_45d1b/fast] Error 2


Determining if the pthread_create exist failed with the following output:
Change Dir: /home/zyj/gazebo_plugin_tutorial/build/CMakeFiles/CMakeTmp

Run Build Command:"/usr/bin/make" "cmTC_3136b/fast"
/usr/bin/make -f CMakeFiles/cmTC_3136b.dir/build.make CMakeFiles/cmTC_3136b.dir/build
make[1]: Entering directory '/home/zyj/gazebo_plugin_tutorial/build/CMakeFiles/CMakeTmp'
Building C object CMakeFiles/cmTC_3136b.dir/CheckSymbolExists.c.o
/usr/bin/cc    -o CMakeFiles/cmTC_3136b.dir/CheckSymbolExists.c.o   -c /home/zyj/gazebo_plugin_tutorial/build/CMakeFiles/CMakeTmp/CheckSymbolExists.c
Linking C executable cmTC_3136b
/usr/local/bin/cmake -E cmake_link_script CMakeFiles/cmTC_3136b.dir/link.txt --verbose=1
/usr/bin/cc      -rdynamic CMakeFiles/cmTC_3136b.dir/CheckSymbolExists.c.o  -o cmTC_3136b 
CMakeFiles/cmTC_3136b.dir/CheckSymbolExists.c.o：在函数‘main’中：
CheckSymbolExists.c:(.text+0x16)：对‘pthread_create’未定义的引用
collect2: error: ld returned 1 exit status
CMakeFiles/cmTC_3136b.dir/build.make:86: recipe for target 'cmTC_3136b' failed
make[1]: *** [cmTC_3136b] Error 1
make[1]: Leaving directory '/home/zyj/gazebo_plugin_tutorial/build/CMakeFiles/CMakeTmp'
Makefile:121: recipe for target 'cmTC_3136b/fast' failed
make: *** [cmTC_3136b/fast] Error 2

File /home/zyj/gazebo_plugin_tutorial/build/CMakeFiles/CMakeTmp/CheckSymbolExists.c:
/* */
#include <pthread.h>

int main(int argc, char** argv)
{
  (void)argv;
#ifndef pthread_create
  return ((int*)(&pthread_create))[argc];
#else
  (void)argc;
  return 0;
#endif
}

Determining if the function pthread_create exists in the pthreads failed with the following output:
Change Dir: /home/zyj/gazebo_plugin_tutorial/build/CMakeFiles/CMakeTmp

Run Build Command:"/usr/bin/make" "cmTC_48f9d/fast"
/usr/bin/make -f CMakeFiles/cmTC_48f9d.dir/build.make CMakeFiles/cmTC_48f9d.dir/build
make[1]: Entering directory '/home/zyj/gazebo_plugin_tutorial/build/CMakeFiles/CMakeTmp'
Building C object CMakeFiles/cmTC_48f9d.dir/CheckFunctionExists.c.o
/usr/bin/cc   -DCHECK_FUNCTION_EXISTS=pthread_create   -o CMakeFiles/cmTC_48f9d.dir/CheckFunctionExists.c.o   -c /usr/local/share/cmake-3.13/Modules/CheckFunctionExists.c
Linking C executable cmTC_48f9d
/usr/local/bin/cmake -E cmake_link_script CMakeFiles/cmTC_48f9d.dir/link.txt --verbose=1
/usr/bin/cc  -DCHECK_FUNCTION_EXISTS=pthread_create    -rdynamic CMakeFiles/cmTC_48f9d.dir/CheckFunctionExists.c.o  -o cmTC_48f9d -lpthreads 
/usr/bin/ld: 找不到 -lpthreads
collect2: error: ld returned 1 exit status
CMakeFiles/cmTC_48f9d.dir/build.make:86: recipe for target 'cmTC_48f9d' failed
make[1]: *** [cmTC_48f9d] Error 1
make[1]: Leaving directory '/home/zyj/gazebo_plugin_tutorial/build/CMakeFiles/CMakeTmp'
Makefile:121: recipe for target 'cmTC_48f9d/fast' failed
make: *** [cmTC_48f9d/fast] Error 2


Determining if the pthread_create exist failed with the following output:
Change Dir: /home/zyj/gazebo_plugin_tutorial/build/CMakeFiles/CMakeTmp

Run Build Command:"/usr/bin/make" "cmTC_9fd8c/fast"
/usr/bin/make -f CMakeFiles/cmTC_9fd8c.dir/build.make CMakeFiles/cmTC_9fd8c.dir/build
make[1]: Entering directory '/home/zyj/gazebo_plugin_tutorial/build/CMakeFiles/CMakeTmp'
Building C object CMakeFiles/cmTC_9fd8c.dir/CheckSymbolExists.c.o
/usr/bin/cc    -o CMakeFiles/cmTC_9fd8c.dir/CheckSymbolExists.c.o   -c /home/zyj/gazebo_plugin_tutorial/build/CMakeFiles/CMakeTmp/CheckSymbolExists.c
Linking C executable cmTC_9fd8c
/usr/local/bin/cmake -E cmake_link_script CMakeFiles/cmTC_9fd8c.dir/link.txt --verbose=1
/usr/bin/cc      -rdynamic CMakeFiles/cmTC_9fd8c.dir/CheckSymbolExists.c.o  -o cmTC_9fd8c 
CMakeFiles/cmTC_9fd8c.dir/CheckSymbolExists.c.o：在函数‘main’中：
CheckSymbolExists.c:(.text+0x16)：对‘pthread_create’未定义的引用
collect2: error: ld returned 1 exit status
CMakeFiles/cmTC_9fd8c.dir/build.make:86: recipe for target 'cmTC_9fd8c' failed
make[1]: *** [cmTC_9fd8c] Error 1
make[1]: Leaving directory '/home/zyj/gazebo_plugin_tutorial/build/CMakeFiles/CMakeTmp'
Makefile:121: recipe for target 'cmTC_9fd8c/fast' failed
make: *** [cmTC_9fd8c/fast] Error 2

File /home/zyj/gazebo_plugin_tutorial/build/CMakeFiles/CMakeTmp/CheckSymbolExists.c:
/* */
#include <pthread.h>

int main(int argc, char** argv)
{
  (void)argv;
#ifndef pthread_create
  return ((int*)(&pthread_create))[argc];
#else
  (void)argc;
  return 0;
#endif
}

Determining if the function pthread_create exists in the pthreads failed with the following output:
Change Dir: /home/zyj/gazebo_plugin_tutorial/build/CMakeFiles/CMakeTmp

Run Build Command:"/usr/bin/make" "cmTC_9932f/fast"
/usr/bin/make -f CMakeFiles/cmTC_9932f.dir/build.make CMakeFiles/cmTC_9932f.dir/build
make[1]: Entering directory '/home/zyj/gazebo_plugin_tutorial/build/CMakeFiles/CMakeTmp'
Building C object CMakeFiles/cmTC_9932f.dir/CheckFunctionExists.c.o
/usr/bin/cc   -DCHECK_FUNCTION_EXISTS=pthread_create   -o CMakeFiles/cmTC_9932f.dir/CheckFunctionExists.c.o   -c /usr/local/share/cmake-3.13/Modules/CheckFunctionExists.c
Linking C executable cmTC_9932f
/usr/local/bin/cmake -E cmake_link_script CMakeFiles/cmTC_9932f.dir/link.txt --verbose=1
/usr/bin/cc  -DCHECK_FUNCTION_EXISTS=pthread_create    -rdynamic CMakeFiles/cmTC_9932f.dir/CheckFunctionExists.c.o  -o cmTC_9932f -lpthreads 
/usr/bin/ld: 找不到 -lpthreads
collect2: error: ld returned 1 exit status
CMakeFiles/cmTC_9932f.dir/build.make:86: recipe for target 'cmTC_9932f' failed
make[1]: *** [cmTC_9932f] Error 1
make[1]: Leaving directory '/home/zyj/gazebo_plugin_tutorial/build/CMakeFiles/CMakeTmp'
Makefile:121: recipe for target 'cmTC_9932f/fast' failed
make: *** [cmTC_9932f/fast] Error 2


Determining if the pthread_create exist failed with the following output:
Change Dir: /home/zyj/gazebo_plugin_tutorial/build/CMakeFiles/CMakeTmp

Run Build Command:"/usr/bin/make" "cmTC_8e6b1/fast"
/usr/bin/make -f CMakeFiles/cmTC_8e6b1.dir/build.make CMakeFiles/cmTC_8e6b1.dir/build
make[1]: Entering directory '/home/zyj/gazebo_plugin_tutorial/build/CMakeFiles/CMakeTmp'
Building C object CMakeFiles/cmTC_8e6b1.dir/CheckSymbolExists.c.o
/usr/bin/cc    -o CMakeFiles/cmTC_8e6b1.dir/CheckSymbolExists.c.o   -c /home/zyj/gazebo_plugin_tutorial/build/CMakeFiles/CMakeTmp/CheckSymbolExists.c
Linking C executable cmTC_8e6b1
/usr/local/bin/cmake -E cmake_link_script CMakeFiles/cmTC_8e6b1.dir/link.txt --verbose=1
/usr/bin/cc      -rdynamic CMakeFiles/cmTC_8e6b1.dir/CheckSymbolExists.c.o  -o cmTC_8e6b1 
CMakeFiles/cmTC_8e6b1.dir/CheckSymbolExists.c.o：在函数‘main’中：
CheckSymbolExists.c:(.text+0x16)：对‘pthread_create’未定义的引用
collect2: error: ld returned 1 exit status
CMakeFiles/cmTC_8e6b1.dir/build.make:86: recipe for target 'cmTC_8e6b1' failed
make[1]: *** [cmTC_8e6b1] Error 1
make[1]: Leaving directory '/home/zyj/gazebo_plugin_tutorial/build/CMakeFiles/CMakeTmp'
Makefile:121: recipe for target 'cmTC_8e6b1/fast' failed
make: *** [cmTC_8e6b1/fast] Error 2

File /home/zyj/gazebo_plugin_tutorial/build/CMakeFiles/CMakeTmp/CheckSymbolExists.c:
/* */
#include <pthread.h>

int main(int argc, char** argv)
{
  (void)argv;
#ifndef pthread_create
  return ((int*)(&pthread_create))[argc];
#else
  (void)argc;
  return 0;
#endif
}

Determining if the function pthread_create exists in the pthreads failed with the following output:
Change Dir: /home/zyj/gazebo_plugin_tutorial/build/CMakeFiles/CMakeTmp

Run Build Command:"/usr/bin/make" "cmTC_02861/fast"
/usr/bin/make -f CMakeFiles/cmTC_02861.dir/build.make CMakeFiles/cmTC_02861.dir/build
make[1]: Entering directory '/home/zyj/gazebo_plugin_tutorial/build/CMakeFiles/CMakeTmp'
Building C object CMakeFiles/cmTC_02861.dir/CheckFunctionExists.c.o
/usr/bin/cc   -DCHECK_FUNCTION_EXISTS=pthread_create   -o CMakeFiles/cmTC_02861.dir/CheckFunctionExists.c.o   -c /usr/local/share/cmake-3.13/Modules/CheckFunctionExists.c
Linking C executable cmTC_02861
/usr/local/bin/cmake -E cmake_link_script CMakeFiles/cmTC_02861.dir/link.txt --verbose=1
/usr/bin/cc  -DCHECK_FUNCTION_EXISTS=pthread_create    -rdynamic CMakeFiles/cmTC_02861.dir/CheckFunctionExists.c.o  -o cmTC_02861 -lpthreads 
/usr/bin/ld: 找不到 -lpthreads
collect2: error: ld returned 1 exit status
CMakeFiles/cmTC_02861.dir/build.make:86: recipe for target 'cmTC_02861' failed
make[1]: *** [cmTC_02861] Error 1
make[1]: Leaving directory '/home/zyj/gazebo_plugin_tutorial/build/CMakeFiles/CMakeTmp'
Makefile:121: recipe for target 'cmTC_02861/fast' failed
make: *** [cmTC_02861/fast] Error 2


